<?xml version="1.0" encoding="UTF-8"?>
<!-- Generated by org.testng.reporters.JUnitXMLReporter -->
<testsuite ignored="2" hostname="GOAT" failures="0" tests="0" time="0.04" errors="0" timestamp="2024-04-05T22:34:38 IST">
  <testcase classname="SeleniumFramework.test.E2E" name="OrderHistory" time="0.0">
    <ignored/>
  </testcase> <!-- OrderHistory -->
  <testcase classname="SeleniumFramework.test.E2E" name="submitOrder" time="0.0">
    <ignored/>
  </testcase> <!-- submitOrder -->
</testsuite>
