<?xml version="1.0" encoding="UTF-8"?>
<testng-results ignored="0" total="1" passed="1" failed="0" skipped="0">
  <reporter-output>
  </reporter-output>
  <suite started-at="2024-04-05T22:34:38 IST" name="Suite" finished-at="2024-04-05T22:34:47 IST" duration-ms="9847">
    <groups>
      <group name="ErrorHandling">
        <method signature="ErrorValidations.ErrorValidate()[pri:0, instance:SeleniumFramework.test.ErrorValidations@1a75e76a]" name="ErrorValidate" class="SeleniumFramework.test.ErrorValidations"/>
      </group> <!-- ErrorHandling -->
    </groups>
    <test started-at="2024-04-05T22:34:38 IST" name="End to End" finished-at="2024-04-05T22:34:38 IST" duration-ms="40">
    </test> <!-- End to End -->
    <test started-at="2024-04-05T22:34:38 IST" name="Error Validations" finished-at="2024-04-05T22:34:47 IST" duration-ms="9846">
      <class name="SeleniumFramework.test.ErrorValidations">
        <test-method is-config="true" signature="launchApplication()[pri:0, instance:SeleniumFramework.test.ErrorValidations@1a75e76a]" started-at="2024-04-05T22:34:38 IST" name="launchApplication" finished-at="2024-04-05T22:34:46 IST" duration-ms="8683" status="PASS">
          <reporter-output>
          </reporter-output>
        </test-method> <!-- launchApplication -->
        <test-method signature="ErrorValidate()[pri:0, instance:SeleniumFramework.test.ErrorValidations@1a75e76a]" started-at="2024-04-05T22:34:46 IST" name="ErrorValidate" finished-at="2024-04-05T22:34:47 IST" duration-ms="967" status="PASS">
          <reporter-output>
          </reporter-output>
        </test-method> <!-- ErrorValidate -->
        <test-method is-config="true" signature="tearDown()[pri:0, instance:SeleniumFramework.test.ErrorValidations@1a75e76a]" started-at="2024-04-05T22:34:47 IST" name="tearDown" finished-at="2024-04-05T22:34:47 IST" duration-ms="75" status="PASS">
          <reporter-output>
          </reporter-output>
        </test-method> <!-- tearDown -->
      </class> <!-- SeleniumFramework.test.ErrorValidations -->
    </test> <!-- Error Validations -->
  </suite> <!-- Suite -->
</testng-results>
